<?xml version="1.0" encoding="UTF-8"?>
<testng-results ignored="0" total="2" passed="2" failed="0" skipped="0">
  <reporter-output>
  </reporter-output>
  <suite started-at="2023-02-13T14:00:48 EET" name="Default suite" finished-at="2023-02-13T14:00:58 EET" duration-ms="10140">
    <groups>
    </groups>
    <test started-at="2023-02-13T14:00:48 EET" name="Default test" finished-at="2023-02-13T14:00:58 EET" duration-ms="10140">
      <class name="testCases.demoTest">
        <test-method is-config="true" signature="setUp()[pri:0, instance:testCases.demoTest@2ea41516]" started-at="2023-02-13T14:00:48 EET" name="setUp" finished-at="2023-02-13T14:00:49 EET" duration-ms="1696" status="PASS">
          <reporter-output>
          </reporter-output>
        </test-method> <!-- setUp -->
        <test-method signature="verifyTitle()[pri:0, instance:testCases.demoTest@2ea41516]" started-at="2023-02-13T14:00:49 EET" name="verifyTitle" finished-at="2023-02-13T14:00:52 EET" duration-ms="2785" status="PASS">
          <reporter-output>
          </reporter-output>
        </test-method> <!-- verifyTitle -->
        <test-method signature="verifyCalculator()[pri:1, instance:testCases.demoTest@2ea41516]" started-at="2023-02-13T14:00:52 EET" name="verifyCalculator" finished-at="2023-02-13T14:00:58 EET" duration-ms="5548" status="PASS">
          <reporter-output>
          </reporter-output>
        </test-method> <!-- verifyCalculator -->
        <test-method is-config="true" signature="endSession()[pri:0, instance:testCases.demoTest@2ea41516]" started-at="2023-02-13T14:00:58 EET" name="endSession" finished-at="2023-02-13T14:00:58 EET" duration-ms="92" status="PASS">
          <reporter-output>
          </reporter-output>
        </test-method> <!-- endSession -->
      </class> <!-- testCases.demoTest -->
    </test> <!-- Default test -->
  </suite> <!-- Default suite -->
</testng-results>
